0 info it worked if it ends with ok
1 verbose cli [ '/usr/local/Cellar/node/0.10.22/bin/node',
1 verbose cli   '/usr/local/bin/npm',
1 verbose cli   'version',
1 verbose cli   '0.2.1',
1 verbose cli   '-m',
1 verbose cli   'Release v%s.' ]
2 info using npm@1.3.14
3 info using node@v0.10.22
4 error Error: Version not changed
4 error     at /usr/local/Cellar/node/0.10.22/lib/node_modules/npm/lib/version.js:59:45
4 error     at fs.js:266:14
4 error     at /usr/local/Cellar/node/0.10.22/lib/node_modules/npm/node_modules/graceful-fs/graceful-fs.js:103:5
4 error     at Object.oncomplete (fs.js:107:15)
5 error If you need help, you may report this log at:
5 error     <http://github.com/isaacs/npm/issues>
5 error or email it to:
5 error     <npm-@googlegroups.com>
6 error System Darwin 12.4.0
7 error command "/usr/local/Cellar/node/0.10.22/bin/node" "/usr/local/bin/npm" "version" "0.2.1" "-m" "Release v%s."
8 error cwd /Users/rds45/code/quickscrape
9 error node -v v0.10.22
10 error npm -v 1.3.14
11 verbose exit [ 1, true ]
